3.14159265358979323846264338327950288419716939937510
5820974944592307816406286208998628034825342117067982
1480865132823066470938446095505822317253594081284811
1745028410270193852110555964462294895493038196442881
0975665933446128475648233786783165271201909145648566
9234603486104543266482133936072602491412737245870066
0631558817488152092096282925409171536436789259036001
1330530548820466521384146951941511609433057270365759
5919530921861173819326117931051185480744623799627495
6735188575272489122793818301194912983367336244065664
3086021394946395224737190702179860943702770539217176
2931767523846748184676694051320005681271452635608277
8577134275778960917363717872146844090122495343014654
9585371050792279689258923542019956112129021960864034
4181598136297747713099605187072113499999983729780499
5105973173281609631859502445945534690830264252230825
3344685035261931188171010003137838752886587533208381
4206171776691473035982534904287554687311595628638823
5378759375195778185778053217122680661300192787661119
5909216420198938095257201065485988
